2024-12-02 15:22:43,290 INFO quotelog [main] Quote with ticker 'NEW' not found. Proceed create.
2024-12-02 15:27:03,067 INFO quotelog [main] Quote with ticker 'NEW' found. Proceed update.
2024-12-02 15:27:37,934 INFO quotelog [main] Quote with ticker 'TEST101' found. Proceed update.
2024-12-02 15:27:59,103 INFO quotelog [main] Quote with ticker 'CREATE2' found. Proceed update.
2024-12-02 15:30:37,108 INFO quotelog [main] TSLA 151.0
2024-12-02 15:31:10,994 INFO quotelog [main] null 0.0
2024-12-02 15:33:01,988 INFO quotelog [main] Quote with ticker 'CREATE2' found. Proceed update.
2024-12-02 15:33:01,990 INFO quotelog [main] Updating quote with ticker: CREATE2
2024-12-02 15:34:51,396 INFO quotelog [main] Quote with ticker 'CREATE2' found. Proceed update.
2024-12-02 15:34:51,398 INFO quotelog [main] Updating quote with ticker: CREATE2
2024-12-02 15:34:51,401 INFO quotelog [main] Rows affected by update: 0
2024-12-02 15:39:27,173 INFO quotelog [main] Quote with ticker 'CREATE2' found. Proceed update.
2024-12-02 15:39:27,176 INFO quotelog [main] Updating quote with ticker: CREATE2
2024-12-02 15:39:27,179 INFO quotelog [main] Rows affected by update: 0
2024-12-02 15:39:56,419 INFO quotelog [main] Quote with ticker 'GOOGL' found. Proceed update.
2024-12-02 15:39:56,421 INFO quotelog [main] Updating quote with ticker: GOOGL
2024-12-02 15:39:56,426 INFO quotelog [main] Rows affected by update: 1
2024-12-02 15:44:06,191 INFO quotelog [main] Quote with ticker 'LINK' not found. Proceed create.
2024-12-02 15:51:34,716 INFO quotelog [main] Quote with ticker 'LINK' found. Proceed update.
2024-12-02 15:51:34,718 INFO quotelog [main] Updating quote with ticker: LINK
2024-12-02 15:51:34,723 INFO quotelog [main] Rows affected by update: 1
2024-12-02 15:51:55,877 INFO quotelog [main] Quote with ticker 'AMZN' found. Proceed update.
2024-12-02 15:51:55,879 INFO quotelog [main] Updating quote with ticker: AMZN
2024-12-02 15:51:55,881 INFO quotelog [main] Rows affected by update: 0
2024-12-02 15:53:30,688 INFO quotelog [main] Quote with ticker 'AMZN' found. Proceed update.
2024-12-02 15:53:30,690 INFO quotelog [main] Updating quote with ticker: AMZN
2024-12-02 15:53:30,693 INFO quotelog [main] Rows affected by update: 0
2024-12-02 15:53:55,714 INFO quotelog [main] Quote with ticker 'TSLA' found. Proceed update.
2024-12-02 15:53:55,716 INFO quotelog [main] Updating quote with ticker: TSLA
2024-12-02 15:53:55,720 INFO quotelog [main] Rows affected by update: 1
2024-12-02 15:54:20,465 INFO quotelog [main] Quote with ticker 'TSLA' found. Proceed update.
2024-12-02 15:54:20,467 INFO quotelog [main] Updating quote with ticker: TSLA
2024-12-02 15:54:20,471 INFO quotelog [main] Rows affected by update: 1
2024-12-02 15:54:33,053 INFO quotelog [main] Quote with ticker 'CHECK' found. Proceed update.
2024-12-02 15:54:33,055 INFO quotelog [main] Updating quote with ticker: CHECK
2024-12-02 15:54:33,058 INFO quotelog [main] Rows affected by update: 0
2024-12-02 16:02:21,838 INFO quotelog [main] Quote with ticker 'CHECK' found. Proceed update.
2024-12-02 16:02:21,840 INFO quotelog [main] Updating quote with ticker: CHECK
2024-12-02 16:02:21,843 INFO quotelog [main] Rows affected by update: 0
2024-12-02 16:02:46,054 INFO quotelog [main] Quote with ticker 'GOOGL' found. Proceed update.
2024-12-02 16:02:46,056 INFO quotelog [main] Updating quote with ticker: GOOGL
2024-12-02 16:02:46,061 INFO quotelog [main] Rows affected by update: 1
2024-12-02 16:09:58,069 INFO quotelog [main] Quote with ticker 'TEST' not found. Proceed create.
2024-12-02 16:10:09,602 INFO quotelog [main] Quote with ticker 'TEST' not found. Proceed create.
2024-12-02 16:14:22,672 INFO quotelog [main] Quote with ticker 'TEST' not found. Proceed create.
2024-12-02 16:14:35,422 INFO quotelog [main] Quote with ticker 'CHECK' not found. Proceed create.
2024-12-02 16:14:48,666 INFO quotelog [main] Quote with ticker 'CHECK' not found. Proceed create.
2024-12-02 17:30:41,889 INFO quotelog [main] Quote with ticker 'CHECK' found. Proceed update.
2024-12-02 17:30:41,891 INFO quotelog [main] Updating quote with ticker: CHECK
2024-12-02 17:30:41,898 INFO quotelog [main] Rows affected by update: 1
2024-12-02 17:31:03,592 INFO quotelog [main] Quote with ticker 'CHECK' found. Proceed update.
2024-12-02 17:31:03,595 INFO quotelog [main] Updating quote with ticker: CHECK
2024-12-02 17:31:03,600 INFO quotelog [main] Rows affected by update: 1
2024-12-02 17:31:32,280 INFO quotelog [main] Quote with ticker 'TESTCREATE' found. Proceed update.
2024-12-02 17:31:32,282 INFO quotelog [main] Updating quote with ticker: TESTCREATE
2024-12-02 17:31:32,286 INFO quotelog [main] Rows affected by update: 0
2024-12-02 17:34:57,654 INFO quotelog [main] Quote with ticker 'TESTCREATE' found. Proceed update.
2024-12-02 17:34:57,656 INFO quotelog [main] Updating quote with ticker: TESTCREATE
2024-12-02 17:34:57,659 INFO quotelog [main] Rows affected by update: 0
2024-12-02 17:41:24,258 INFO quotelog [main] Updating 'TESTCREATE' quote.
2024-12-02 17:41:24,261 INFO quotelog [main] Updating quote with ticker: TESTCREATE
2024-12-02 17:41:24,264 INFO quotelog [main] Rows affected by update: 0
2024-12-02 17:43:21,046 INFO quotelog [main] Updating 'TESTCREATE' quote.
2024-12-02 17:43:21,052 INFO quotelog [main] Updating quote with ticker: TESTCREATE
2024-12-02 17:43:21,057 INFO quotelog [main] Rows affected by update: 0
2024-12-02 17:43:55,311 INFO quotelog [main] Updating 'TESTCREATE' quote.
2024-12-02 17:44:09,856 INFO quotelog [main] Updating quote with ticker: TESTCREATE
2024-12-02 17:44:09,863 INFO quotelog [main] Rows affected by update: 0
2024-12-02 17:46:27,809 INFO quotelog [main] Updating 'TESTCREATE' quote.
2024-12-02 17:46:34,007 INFO quotelog [main] Updating quote with ticker: TESTCREATE
2024-12-02 17:46:34,015 INFO quotelog [main] Rows affected by update: 0
2024-12-02 17:47:23,565 INFO quotelog [main] Updating 'AGAIN' quote.
2024-12-02 17:47:24,337 INFO quotelog [main] Updating quote with ticker: AGAIN
2024-12-02 17:47:24,345 INFO quotelog [main] Rows affected by update: 0
2024-12-02 17:55:02,140 INFO quotelog [main] Creating 'AGAIN' quote.
2024-12-02 17:55:28,296 INFO quotelog [main] Updating 'AGAIN' quote.
2024-12-02 17:55:28,298 INFO quotelog [main] Updating quote with ticker: AGAIN
2024-12-02 17:55:28,302 INFO quotelog [main] Rows affected by update: 1
2024-12-02 17:59:19,277 INFO quotelog [main] TSLA 151.0
2024-12-02 22:23:54,590 INFO quotelog [main] Creating 'MSFT' quote.
2024-12-02 22:24:16,557 INFO quotelog [main] Updating 'MSFT' quote.
2024-12-02 22:24:16,560 INFO quotelog [main] Updating quote with ticker: MSFT
2024-12-02 22:24:52,005 INFO quotelog [main] Updating 'MSFT' quote.
2024-12-02 22:24:52,008 INFO quotelog [main] Updating quote with ticker: MSFT
2024-12-02 22:25:33,630 INFO quotelog [main] Updating 'TSLA' quote.
2024-12-02 22:25:33,632 INFO quotelog [main] Updating quote with ticker: TSLA
2024-12-02 22:26:04,909 INFO quotelog [main] Updating 'MSFT' quote.
2024-12-02 22:26:04,911 INFO quotelog [main] Updating quote with ticker: MSFT
2024-12-02 22:26:34,818 INFO quotelog [main] Updating 'MSFT' quote.
2024-12-02 22:26:34,820 INFO quotelog [main] Updating quote with ticker: MSFT
2024-12-02 22:27:36,013 INFO quotelog [main] Updating 'GOOGL' quote.
2024-12-02 22:27:56,460 INFO quotelog [main] Updating 'GOOGL' quote.
2024-12-02 22:28:37,750 INFO quotelog [main] Creating 'ABC' quote.
2024-12-02 22:28:58,163 INFO quotelog [main] Updating 'ABC' quote.
2024-12-02 22:36:44,598 INFO quotelog [main] Updating 'ABC' quote.
2024-12-02 22:37:32,192 INFO quotelog [main] Creating 'TSC' quote.
2024-12-02 22:49:42,156 INFO quotelog [main] Finding all quotes.
2024-12-02 22:49:42,175 INFO quotelog [main] [Quote{ticker='LINK', open=123.0, high=152.5, low=188.0, price=151.0, volume=1000000, latestTradingDay=1969-12-31, previousClose=149.0, change=3.0, changePercent='2.03%', timeStamp=2024-12-02 15:51:34.693107}, Quote{ticker='TSLA', open=888.0, high=152.5, low=188.0, price=151.0, volume=1000000, latestTradingDay=1969-12-31, previousClose=149.0, change=3.0, changePercent='2.03%', timeStamp=2024-12-02 15:54:20.444469}, Quote{ticker='GOOGL', open=143.0, high=152.5, low=188.0, price=151.0, volume=1000000, latestTradingDay=1969-12-31, previousClose=149.0, change=3.0, changePercent='2.03%', timeStamp=2024-12-02 16:02:46.033081}, Quote{ticker='TEST', open=143.0, high=152.5, low=188.0, price=151.0, volume=1000000, latestTradingDay=1969-12-31, previousClose=149.0, change=3.0, changePercent='2.03%', timeStamp=2024-12-02 16:09:58.046746}, Quote{ticker='CHECK', open=143.0, high=152.5, low=188.0, price=151.0, volume=1000000, latestTradingDay=1969-12-31, previousClose=149.0, change=3.0, changePercent='2.03%', timeStamp=2024-12-02 17:31:03.56966}, Quote{ticker='AGAIN', open=222.22, high=152.5, low=188.0, price=151.0, volume=1000000, latestTradingDay=2024-12-01, previousClose=149.0, change=3.0, changePercent='2.03%', timeStamp=2024-12-02 17:55:28.274704}, Quote{ticker='MSFT', open=222.22, high=152.5, low=188.0, price=151.0, volume=1000000, latestTradingDay=2024-12-01, previousClose=149.0, change=3.0, changePercent='2.03%', timeStamp=2024-12-02 22:23:54.557153}, Quote{ticker='ABC', open=123.5, high=145.5, low=188.0, price=323.2, volume=5000000, latestTradingDay=2024-12-01, previousClose=149.0, change=3.0, changePercent='2.03%', timeStamp=2024-12-02 22:36:44.572428}, Quote{ticker='TSC', open=123.5, high=145.5, low=188.0, price=323.2, volume=5000000, latestTradingDay=2024-12-01, previousClose=149.0, change=3.0, changePercent='2.03%', timeStamp=2024-12-02 22:37:32.170446}]
2024-12-02 22:57:32,863 INFO quotelog [main] Deleting by id.
2024-12-02 22:57:50,253 INFO quotelog [main] Deleting by id.
2024-12-02 22:58:07,417 INFO quotelog [main] Deleting by id.
2024-12-02 23:00:49,384 INFO quotelog [main] Deleting all quotes.
2024-12-02 23:13:42,975 INFO quotelog [main] Finding position by id
2024-12-02 23:13:42,993 INFO quotelog [main] TSLA 100
2024-12-02 23:25:51,261 INFO quotelog [main] Finding position by id
2024-12-02 23:25:51,280 INFO quotelog [main] Updating 'TSLA' quote.
2024-12-02 23:26:14,001 INFO quotelog [main] Finding position by id
2024-12-02 23:26:14,024 INFO quotelog [main] Updating 'TSLA' quote.
2024-12-02 23:26:40,407 INFO quotelog [main] Finding position by id
2024-12-02 23:26:40,429 INFO quotelog [main] Updating 'MSFT' quote.
2024-12-02 23:27:25,393 INFO quotelog [main] Finding position by id
2024-12-02 23:27:25,413 INFO quotelog [main] Creating 'MSFT' quote.
2024-12-02 23:40:25,250 INFO quotelog [main] Finding position by id
2024-12-02 23:40:25,269 INFO quotelog [main] Creating 'MSFT' position.
2024-12-02 23:41:01,237 INFO quotelog [main] Finding all positions.
2024-12-02 23:41:01,249 INFO quotelog [main] [ca.jrvs.apps.jdbc.dto.Position@2f953efd, ca.jrvs.apps.jdbc.dto.Position@f68f0dc]
2024-12-02 23:42:23,910 INFO quotelog [main] Finding all positions.
2024-12-02 23:42:23,925 INFO quotelog [main] [ca.jrvs.apps.jdbc.dto.Position@7486b455, ca.jrvs.apps.jdbc.dto.Position@660acfb]
2024-12-02 23:43:09,220 INFO quotelog [main] Finding all positions.
2024-12-02 23:43:09,233 INFO quotelog [main] [Position{ticker='GOOGL', numOfShares=50, valuePaid=137500.0}, Position{ticker='TSLA', numOfShares=500, valuePaid=14800.5}]
2024-12-02 23:48:34,714 INFO quotelog [main] Deleting position by id.
2024-12-02 23:49:00,905 INFO quotelog [main] Deleting all positions
2024-12-03 10:26:12,988 INFO quotelog [main] Finding quote by id.
2024-12-03 10:26:13,020 INFO quotelog [main] Updating 'TSLA' quote.
2024-12-03 10:26:13,031 INFO quotelog [main] Deleting all quotes.
2024-12-03 10:27:07,493 INFO quotelog [main] Finding quote by id.
2024-12-03 10:27:07,516 INFO quotelog [main] Creating 'TSLA' quote.
2024-12-03 10:27:07,524 INFO quotelog [main] Deleting all quotes.
2024-12-03 10:28:22,686 INFO quotelog [main] Finding quote by id.
2024-12-03 10:28:22,710 INFO quotelog [main] Creating 'TSLA' quote.
2024-12-03 10:30:05,755 INFO quotelog [main] Finding quote by id.
2024-12-03 10:30:54,505 INFO quotelog [main] Finding quote by id.
2024-12-03 10:30:54,531 INFO quotelog [main] Creating 'AMZN' quote.
2024-12-03 10:30:54,536 INFO quotelog [main] Finding quote by id.
2024-12-03 10:30:54,537 INFO quotelog [main] Creating 'NFLX' quote.
2024-12-03 10:30:54,538 INFO quotelog [main] Finding all quotes.
2024-12-03 10:32:14,817 INFO quotelog [main] Finding quote by id.
2024-12-03 10:32:14,839 INFO quotelog [main] Creating 'MSFT' quote.
2024-12-03 10:32:14,843 INFO quotelog [main] Deleting quote by id.
2024-12-03 10:32:14,845 INFO quotelog [main] Finding quote by id.
2024-12-03 10:36:18,645 INFO quotelog [main] Finding quote by id.
2024-12-03 10:36:18,669 INFO quotelog [main] Creating 'GOOG' quote.
2024-12-03 10:36:18,675 INFO quotelog [main] Finding quote by id.
2024-12-03 10:36:18,677 INFO quotelog [main] Creating 'AAPL' quote.
2024-12-03 10:36:18,679 INFO quotelog [main] Deleting all quotes.
2024-12-03 10:36:18,681 INFO quotelog [main] Finding all quotes.
2024-12-03 10:36:33,839 INFO quotelog [main] Finding quote by id.
2024-12-03 10:36:33,860 INFO quotelog [main] Creating 'TSLA' quote.
2024-12-03 10:36:58,208 INFO quotelog [main] Finding quote by id.
2024-12-03 10:36:58,232 INFO quotelog [main] Updating 'TSLA' quote.
2024-12-03 10:38:05,781 INFO quotelog [main] Finding quote by id.
2024-12-03 10:38:05,804 INFO quotelog [main] Creating 'AAPL' quote.
2024-12-03 10:38:05,808 INFO quotelog [main] Finding quote by id.
2024-12-03 10:38:05,810 INFO quotelog [main] Updating 'AAPL' quote.
2024-12-03 10:47:46,084 INFO quotelog [main] Finding quote by id.
2024-12-03 10:47:46,116 INFO quotelog [main] Updating 'TSLA' quote.
2024-12-03 10:48:15,175 INFO quotelog [main] Finding quote by id.
2024-12-03 10:48:15,196 INFO quotelog [main] Creating 'MSFT' quote.
2024-12-03 10:48:26,758 INFO quotelog [main] Finding quote by id.
2024-12-03 10:48:26,782 INFO quotelog [main] Updating 'AAPL' quote.
2024-12-03 10:48:26,787 INFO quotelog [main] Finding quote by id.
2024-12-03 10:48:26,788 INFO quotelog [main] Updating 'AAPL' quote.
2024-12-03 10:48:46,913 INFO quotelog [main] Finding quote by id.
2024-12-03 10:49:00,391 INFO quotelog [main] Finding quote by id.
2024-12-03 10:49:00,411 INFO quotelog [main] Creating 'AMZN' quote.
2024-12-03 10:49:00,416 INFO quotelog [main] Finding quote by id.
2024-12-03 10:49:00,417 INFO quotelog [main] Creating 'NFLX' quote.
2024-12-03 10:49:00,418 INFO quotelog [main] Finding all quotes.
2024-12-03 10:49:22,381 INFO quotelog [main] Finding quote by id.
2024-12-03 10:49:22,404 INFO quotelog [main] Updating 'MSFT' quote.
2024-12-03 10:49:22,409 INFO quotelog [main] Deleting quote by id.
2024-12-03 10:49:22,411 INFO quotelog [main] Finding quote by id.
2024-12-03 10:49:53,514 INFO quotelog [main] Finding quote by id.
2024-12-03 10:49:53,540 INFO quotelog [main] Creating 'ABC' quote.
2024-12-03 10:49:53,544 INFO quotelog [main] Deleting quote by id.
2024-12-03 10:49:53,545 INFO quotelog [main] Finding quote by id.
2024-12-03 10:50:00,025 INFO quotelog [main] Finding quote by id.
2024-12-03 10:50:00,048 INFO quotelog [main] Updating 'ABC' quote.
2024-12-03 10:50:00,053 INFO quotelog [main] Deleting quote by id.
2024-12-03 10:50:00,055 INFO quotelog [main] Finding quote by id.
2024-12-03 10:50:06,087 INFO quotelog [main] Finding quote by id.
2024-12-03 10:50:06,111 INFO quotelog [main] Creating 'GOOG' quote.
2024-12-03 10:50:06,115 INFO quotelog [main] Finding quote by id.
2024-12-03 10:50:06,117 INFO quotelog [main] Updating 'AAPL' quote.
2024-12-03 10:50:06,119 INFO quotelog [main] Deleting all quotes.
2024-12-03 10:50:06,121 INFO quotelog [main] Finding all quotes.
2024-12-03 10:55:35,816 INFO quotelog [main] Finding position by id
2024-12-03 10:55:35,841 INFO quotelog [main] Creating 'AAPL' position.
2024-12-03 10:56:42,776 INFO quotelog [main] Finding position by id
2024-12-03 10:56:42,799 INFO quotelog [main] Creating 'FB' position.
2024-12-03 10:57:52,591 INFO quotelog [main] Finding quote by id.
2024-12-03 10:57:52,611 INFO quotelog [main] Creating 'MSFT' quote.
2024-12-03 10:58:09,137 INFO quotelog [main] Finding position by id
2024-12-03 10:58:09,158 INFO quotelog [main] Creating 'MSFT' position.
2024-12-03 10:58:31,719 INFO quotelog [main] Finding position by id
2024-12-03 10:58:31,738 INFO quotelog [main] Updating 'MSFT' position.
2024-12-03 10:58:31,742 INFO quotelog [main] Finding position by id
2024-12-03 10:58:31,743 INFO quotelog [main] Updating 'MSFT' position.
2024-12-03 10:59:03,106 INFO quotelog [main] Finding position by id
2024-12-03 10:59:03,126 INFO quotelog [main] Creating 'TSLA' position.
2024-12-03 10:59:23,826 INFO quotelog [main] Finding quote by id.
2024-12-03 10:59:23,850 INFO quotelog [main] Creating 'TSLA' quote.
2024-12-03 10:59:46,289 INFO quotelog [main] Finding position by id
2024-12-03 10:59:59,074 INFO quotelog [main] Finding position by id
2024-12-03 11:00:25,108 INFO quotelog [main] Finding position by id
2024-12-03 11:00:25,131 INFO quotelog [main] Updating 'MSFT' position.
2024-12-03 11:00:32,115 INFO quotelog [main] Finding position by id
2024-12-03 11:01:00,524 INFO quotelog [main] Finding position by id
2024-12-03 11:01:00,546 INFO quotelog [main] Updating 'MSFT' position.
2024-12-03 11:01:00,550 INFO quotelog [main] Finding position by id
2024-12-03 11:01:00,551 INFO quotelog [main] Creating 'NFLX' position.
2024-12-03 11:01:11,275 INFO quotelog [main] Finding all positions.
2024-12-03 11:01:25,933 INFO quotelog [main] Deleting position by id.
2024-12-03 11:01:25,944 INFO quotelog [main] Finding position by id
2024-12-03 11:01:44,632 INFO quotelog [main] Deleting all positions
2024-12-03 11:01:44,641 INFO quotelog [main] Finding all positions.
2024-12-03 12:05:50,884 INFO quotelog [main] Response JSON: {
    "Global Quote": {
        "01. symbol": "AAPL",
        "02. open": "237.2700",
        "03. high": "240.7900",
        "04. low": "237.1600",
        "05. price": "239.5900",
        "06. volume": "48137103",
        "07. latest trading day": "2024-12-02",
        "08. previous close": "237.3300",
        "09. change": "2.2600",
        "10. change percent": "0.9523%"
    }
}
2024-12-03 12:05:51,042 INFO quotelog [main] Deserialized Quote: Quote{ticker='AAPL', open=237.27, high=240.79, low=237.16, price=239.59, volume=48137103, latestTradingDay=2024-12-01, previousClose=237.33, change=2.26, changePercent='0.9523%', timeStamp=2024-12-03 12:05:51.0419628}
2024-12-03 12:06:59,373 INFO quotelog [main] Response JSON: {
    "Global Quote": {}
}
2024-12-03 12:06:59,528 INFO quotelog [main] Deserialized Quote: Quote{ticker='null', open=0.0, high=0.0, low=0.0, price=0.0, volume=0, latestTradingDay=null, previousClose=0.0, change=0.0, changePercent='null', timeStamp=2024-12-03 12:06:59.5272121}
2024-12-03 12:08:24,593 INFO quotelog [main] Response JSON: {
    "Global Quote": {}
}
2024-12-03 12:08:24,726 INFO quotelog [main] Deserialized Quote: Quote{ticker='null', open=0.0, high=0.0, low=0.0, price=0.0, volume=0, latestTradingDay=null, previousClose=0.0, change=0.0, changePercent='null', timeStamp=2024-12-03 12:08:24.7254076}
2024-12-03 12:10:12,201 INFO quotelog [main] Response JSON: {
    "Global Quote": {
        "01. symbol": "AAPL",
        "02. open": "237.2700",
        "03. high": "240.7900",
        "04. low": "237.1600",
        "05. price": "239.5900",
        "06. volume": "48137103",
        "07. latest trading day": "2024-12-02",
        "08. previous close": "237.3300",
        "09. change": "2.2600",
        "10. change percent": "0.9523%"
    }
}
2024-12-03 12:10:12,341 INFO quotelog [main] Deserialized Quote: Quote{ticker='AAPL', open=237.27, high=240.79, low=237.16, price=239.59, volume=48137103, latestTradingDay=2024-12-01, previousClose=237.33, change=2.26, changePercent='0.9523%', timeStamp=2024-12-03 12:10:12.3407616}
2024-12-03 12:11:41,954 INFO quotelog [main] Response JSON: {
    "Global Quote": {
        "01. symbol": "AAPL",
        "02. open": "237.2700",
        "03. high": "240.7900",
        "04. low": "237.1600",
        "05. price": "239.5900",
        "06. volume": "48137103",
        "07. latest trading day": "2024-12-02",
        "08. previous close": "237.3300",
        "09. change": "2.2600",
        "10. change percent": "0.9523%"
    }
}
2024-12-03 12:11:42,106 INFO quotelog [main] Deserialized Quote: Quote{ticker='AAPL', open=237.27, high=240.79, low=237.16, price=239.59, volume=48137103, latestTradingDay=2024-12-01, previousClose=237.33, change=2.26, changePercent='0.9523%', timeStamp=2024-12-03 12:11:42.1054558}
2024-12-03 12:31:41,195 INFO quotelog [main] Response JSON: {
    "Global Quote": {
        "01. symbol": "AAPL",
        "02. open": "237.2700",
        "03. high": "240.7900",
        "04. low": "237.1600",
        "05. price": "239.5900",
        "06. volume": "48137103",
        "07. latest trading day": "2024-12-02",
        "08. previous close": "237.3300",
        "09. change": "2.2600",
        "10. change percent": "0.9523%"
    }
}
2024-12-03 12:31:41,351 INFO quotelog [main] Deserialized Quote: Quote{ticker='AAPL', open=237.27, high=240.79, low=237.16, price=239.59, volume=48137103, latestTradingDay=2024-12-01, previousClose=237.33, change=2.26, changePercent='0.9523%', timeStamp=2024-12-03 12:31:41.3508641}
2024-12-03 14:20:53,669 INFO quotelog [main] Response JSON: {
    "Global Quote": {
        "01. symbol": "AAPL",
        "02. open": "237.2700",
        "03. high": "240.7900",
        "04. low": "237.1600",
        "05. price": "239.5900",
        "06. volume": "48137103",
        "07. latest trading day": "2024-12-02",
        "08. previous close": "237.3300",
        "09. change": "2.2600",
        "10. change percent": "0.9523%"
    }
}
2024-12-03 14:20:53,799 INFO quotelog [main] Deserialized Quote: Quote{ticker='AAPL', open=237.27, high=240.79, low=237.16, price=239.59, volume=48137103, latestTradingDay=2024-12-01, previousClose=237.33, change=2.26, changePercent='0.9523%', timeStamp=2024-12-03 14:20:53.7981593}
2024-12-03 14:20:53,800 INFO quotelog [main] Finding quote by id.
2024-12-03 14:20:53,819 INFO quotelog [main] Creating 'AAPL' quote.
2024-12-03 14:26:55,330 INFO quotelog [main] Response JSON: {
    "Global Quote": {}
}
2024-12-03 14:26:55,439 INFO quotelog [main] Deserialized Quote: Quote{ticker='null', open=0.0, high=0.0, low=0.0, price=0.0, volume=0, latestTradingDay=null, previousClose=0.0, change=0.0, changePercent='null', timeStamp=2024-12-03 14:26:55.4385464}
2024-12-03 14:59:28,704 INFO quotelog [main] Finding quote by id.
2024-12-03 14:59:28,723 INFO quotelog [main] Finding position by id
2024-12-03 14:59:28,731 INFO quotelog [main] Creating 'AAPL' position.
2024-12-03 15:04:28,608 INFO quotelog [main] Finding quote by id.
2024-12-03 15:04:28,622 INFO quotelog [main] Finding position by id
2024-12-03 15:04:28,629 INFO quotelog [main] Updating 'AAPL' position.
2024-12-03 15:04:28,633 INFO quotelog [main] Finding position by id
2024-12-03 15:05:02,597 INFO quotelog [main] Finding quote by id.
2024-12-03 15:05:02,615 INFO quotelog [main] Finding position by id
2024-12-03 15:05:02,624 INFO quotelog [main] Creating 'MSFT' position.
2024-12-03 15:05:02,631 INFO quotelog [main] Finding position by id
2024-12-03 15:09:22,822 INFO quotelog [main] Finding quote by id.
2024-12-03 15:09:22,843 INFO quotelog [main] Finding position by id
2024-12-03 15:09:22,852 INFO quotelog [main] Updating 'MSFT' position.
2024-12-03 15:09:22,858 INFO quotelog [main] Finding position by id
2024-12-03 15:10:30,399 INFO quotelog [main] Deleting position by id.
2024-12-04 12:17:32,659 INFO quotelog [main] Response JSON: {
    "Global Quote": {
        "01. symbol": "AAPL",
        "02. open": "239.8100",
        "03. high": "242.7600",
        "04. low": "238.9000",
        "05. price": "242.6500",
        "06. volume": "38861017",
        "07. latest trading day": "2024-12-03",
        "08. previous close": "239.5900",
        "09. change": "3.0600",
        "10. change percent": "1.2772%"
    }
}
2024-12-04 12:17:32,809 INFO quotelog [main] Deserialized Quote: Quote{ticker='AAPL', open=239.81, high=242.76, low=238.9, price=242.65, volume=38861017, latestTradingDay=2024-12-02, previousClose=239.59, change=3.06, changePercent='1.2772%', timeStamp=2024-12-04 12:17:32.8089313}
2024-12-04 12:55:16,763 INFO quotelog [main] Response JSON: {
    "Global Quote": {
        "01. symbol": "AAPL",
        "02. open": "239.8100",
        "03. high": "242.7600",
        "04. low": "238.9000",
        "05. price": "242.6500",
        "06. volume": "38861017",
        "07. latest trading day": "2024-12-03",
        "08. previous close": "239.5900",
        "09. change": "3.0600",
        "10. change percent": "1.2772%"
    }
}
2024-12-04 12:55:16,893 INFO quotelog [main] Deserialized Quote: Quote{ticker='AAPL', open=239.81, high=242.76, low=238.9, price=242.65, volume=38861017, latestTradingDay=2024-12-02, previousClose=239.59, change=3.06, changePercent='1.2772%', timeStamp=2024-12-04 12:55:16.8928898}
2024-12-04 12:57:34,525 INFO quotelog [main] Response JSON: {
    "Global Quote": {
        "01. symbol": "AAPL",
        "02. open": "239.8100",
        "03. high": "242.7600",
        "04. low": "238.9000",
        "05. price": "242.6500",
        "06. volume": "38861017",
        "07. latest trading day": "2024-12-03",
        "08. previous close": "239.5900",
        "09. change": "3.0600",
        "10. change percent": "1.2772%"
    }
}
2024-12-04 12:57:34,661 INFO quotelog [main] Deserialized Quote: Quote{ticker='AAPL', open=239.81, high=242.76, low=238.9, price=242.65, volume=38861017, latestTradingDay=2024-12-02, previousClose=239.59, change=3.06, changePercent='1.2772%', timeStamp=2024-12-04 12:57:34.6619705}
2024-12-04 14:43:42,580 INFO quotelog [main] Finding quote by id.
2024-12-04 14:43:42,604 INFO quotelog [main] Finding position by id
2024-12-04 14:44:11,680 INFO quotelog [main] Finding quote by id.
2024-12-04 14:44:11,694 INFO quotelog [main] Finding position by id
2024-12-04 14:48:20,807 INFO quotelog [main] Finding quote by id.
2024-12-04 14:48:20,823 INFO quotelog [main] Finding position by id
2024-12-04 14:48:39,147 INFO quotelog [main] Finding quote by id.
2024-12-04 14:48:39,166 INFO quotelog [main] Finding position by id
2024-12-04 14:48:39,168 INFO quotelog [main] Finding position by id
2024-12-04 14:48:39,175 INFO quotelog [main] Updating 'AAPL' position.
2024-12-04 14:48:39,181 INFO quotelog [main] Finding position by id
2024-12-04 14:58:50,875 INFO quotelog [main] Finding quote by id.
2024-12-04 14:58:50,893 INFO quotelog [main] Finding position by id
2024-12-04 14:58:50,896 INFO quotelog [main] Finding position by id
2024-12-04 14:59:09,016 INFO quotelog [main] Finding quote by id.
2024-12-04 14:59:09,032 INFO quotelog [main] Finding position by id
2024-12-04 14:59:09,034 INFO quotelog [main] Finding position by id
2024-12-04 14:59:09,042 INFO quotelog [main] Updating 'AAPL' position.
2024-12-04 14:59:09,047 INFO quotelog [main] Finding position by id
2024-12-04 15:02:48,607 INFO quotelog [main] Finding quote by id.
2024-12-04 15:02:48,626 INFO quotelog [main] Finding position by id
2024-12-04 15:02:48,628 INFO quotelog [main] Finding position by id
2024-12-04 15:05:15,035 INFO quotelog [main] Finding quote by id.
2024-12-04 15:05:15,049 INFO quotelog [main] Finding position by id
2024-12-04 15:07:30,993 INFO quotelog [main] Finding quote by id.
2024-12-04 15:07:31,008 INFO quotelog [main] Finding position by id
2024-12-04 15:07:47,684 INFO quotelog [main] Finding quote by id.
2024-12-04 15:07:47,699 INFO quotelog [main] Finding position by id
2024-12-04 15:08:33,516 INFO quotelog [main] Finding quote by id.
2024-12-04 15:08:33,531 INFO quotelog [main] Finding position by id
2024-12-04 15:08:53,478 INFO quotelog [main] Finding quote by id.
2024-12-04 15:08:53,492 INFO quotelog [main] Finding position by id
2024-12-04 15:09:06,384 INFO quotelog [main] Finding quote by id.
2024-12-04 15:09:06,397 INFO quotelog [main] Finding position by id
2024-12-04 15:09:06,398 INFO quotelog [main] Finding position by id
2024-12-04 15:09:06,405 INFO quotelog [main] Creating 'ABC' position.
2024-12-04 15:11:08,022 INFO quotelog [main] Finding quote by id.
2024-12-04 15:11:08,037 INFO quotelog [main] Finding position by id
2024-12-04 15:11:08,039 INFO quotelog [main] Finding position by id
2024-12-04 15:11:08,046 INFO quotelog [main] Updating 'AAPL' position.
2024-12-04 15:11:08,050 INFO quotelog [main] Finding position by id
2024-12-04 15:11:26,999 INFO quotelog [main] Finding quote by id.
2024-12-04 15:11:27,014 INFO quotelog [main] Finding position by id
2024-12-04 15:11:27,017 INFO quotelog [main] Finding position by id
2024-12-04 15:11:27,023 INFO quotelog [main] Creating 'TSLA' position.
2024-12-04 15:11:27,027 INFO quotelog [main] Finding position by id
2024-12-04 15:11:52,282 INFO quotelog [main] Finding quote by id.
2024-12-04 15:11:52,295 INFO quotelog [main] Finding position by id
2024-12-04 15:19:14,285 INFO quotelog [main] Finding quote by id.
2024-12-04 15:19:14,298 INFO quotelog [main] Finding position by id
2024-12-04 15:19:28,913 INFO quotelog [main] Finding quote by id.
2024-12-04 15:19:28,927 INFO quotelog [main] Finding position by id
2024-12-04 15:19:28,929 INFO quotelog [main] Finding position by id
2024-12-04 15:19:28,936 INFO quotelog [main] Updating 'TSLA' position.
2024-12-04 15:19:28,940 INFO quotelog [main] Finding position by id
2024-12-04 15:19:42,355 INFO quotelog [main] Finding quote by id.
2024-12-04 15:19:42,370 INFO quotelog [main] Finding position by id
2024-12-04 15:19:42,372 INFO quotelog [main] Finding position by id
2024-12-04 15:19:42,379 INFO quotelog [main] Updating 'TSLA' position.
2024-12-04 15:19:42,382 INFO quotelog [main] Finding position by id
2024-12-04 15:23:31,084 INFO quotelog [main] Finding quote by id.
2024-12-04 15:23:31,100 INFO quotelog [main] Finding position by id
2024-12-04 15:23:31,102 INFO quotelog [main] Finding position by id
2024-12-04 15:23:31,109 INFO quotelog [main] Updating 'TSLA' position.
2024-12-04 15:23:31,113 INFO quotelog [main] Finding position by id
2024-12-04 15:23:51,946 INFO quotelog [main] Finding quote by id.
2024-12-04 15:23:51,961 INFO quotelog [main] Finding position by id
2024-12-04 15:23:51,963 INFO quotelog [main] Finding position by id
2024-12-04 15:23:51,970 INFO quotelog [main] Creating 'MSFT' position.
2024-12-04 15:23:51,974 INFO quotelog [main] Finding position by id
2024-12-04 15:26:10,624 INFO quotelog [main] Finding position by id
2024-12-04 15:26:10,645 INFO quotelog [main] Updating 'MSFT' position.
2024-12-04 15:26:53,362 INFO quotelog [main] Finding position by id
2024-12-04 15:26:53,381 INFO quotelog [main] Creating 'ABC' position.
2024-12-04 15:35:35,513 INFO quotelog [main] Finding position by id
2024-12-04 15:35:35,534 INFO quotelog [main] Creating 'ABC' position.
2024-12-04 15:35:35,535 INFO quotelog [main] Finding position by id
2024-12-05 15:21:33,860 INFO quotelog [main] Finding quote by id.
2024-12-05 15:21:33,882 INFO quotelog [main] Finding position by id
2024-12-05 15:21:33,885 INFO quotelog [main] Finding position by id
2024-12-05 15:21:33,891 INFO quotelog [main] Updating 'MSFT' position.
2024-12-05 15:21:33,897 INFO quotelog [main] Finding position by id
2024-12-05 15:21:33,898 INFO quotelog [main] Finding position by id
2024-12-05 15:21:33,899 INFO quotelog [main] Creating 'ABC' position.
2024-12-05 15:21:33,900 INFO quotelog [main] Finding position by id
2024-12-05 15:57:28,116 INFO quotelog [main] Finding quote by id.
2024-12-05 15:57:28,135 INFO quotelog [main] Finding position by id
2024-12-05 15:57:28,137 INFO quotelog [main] Finding position by id
2024-12-05 15:57:28,144 INFO quotelog [main] Updating 'MSFT' position.
2024-12-05 15:57:28,148 INFO quotelog [main] Finding position by id
2024-12-05 15:57:47,633 INFO quotelog [main] Finding quote by id.
2024-12-05 15:57:47,647 INFO quotelog [main] Finding position by id
2024-12-05 15:57:47,649 INFO quotelog [main] Finding position by id
2024-12-05 15:57:47,656 INFO quotelog [main] Updating 'MSFT' position.
2024-12-05 15:57:47,659 INFO quotelog [main] Finding position by id
2024-12-05 15:58:55,171 INFO quotelog [main] Finding quote by id.
2024-12-05 15:58:55,187 INFO quotelog [main] Finding position by id
2024-12-05 15:58:55,189 INFO quotelog [main] Finding position by id
2024-12-05 15:58:55,196 INFO quotelog [main] Creating 'MSFT' position.
2024-12-05 15:58:55,196 INFO quotelog [main] Finding position by id
2024-12-05 15:59:51,448 INFO quotelog [main] Finding quote by id.
2024-12-05 15:59:51,463 INFO quotelog [main] Finding position by id
2024-12-05 15:59:51,465 INFO quotelog [main] Finding position by id
2024-12-05 15:59:51,472 INFO quotelog [main] Creating 'MSFT' position.
2024-12-05 15:59:51,473 INFO quotelog [main] Finding position by id
2024-12-05 16:00:40,947 INFO quotelog [main] Finding quote by id.
2024-12-05 16:00:40,962 INFO quotelog [main] Finding position by id
2024-12-05 16:00:40,964 INFO quotelog [main] Finding position by id
2024-12-05 16:00:40,971 INFO quotelog [main] Creating 'MSFT' position.
2024-12-05 16:00:40,972 INFO quotelog [main] Finding position by id
2024-12-05 16:01:49,295 INFO quotelog [main] Finding quote by id.
2024-12-05 16:01:49,323 INFO quotelog [main] Finding position by id
2024-12-05 16:01:49,331 INFO quotelog [main] Finding position by id
2024-12-05 16:01:49,350 INFO quotelog [main] Creating 'MSFT' position.
2024-12-05 16:01:49,351 INFO quotelog [main] Finding position by id
2024-12-05 16:01:59,451 INFO quotelog [main] Finding quote by id.
2024-12-05 16:01:59,468 INFO quotelog [main] Finding position by id
2024-12-05 16:01:59,470 INFO quotelog [main] Finding position by id
2024-12-05 16:01:59,478 INFO quotelog [main] Creating 'AAPL' position.
2024-12-05 16:01:59,478 INFO quotelog [main] Finding position by id
2024-12-05 16:07:19,743 INFO quotelog [main] Finding quote by id.
2024-12-05 16:07:19,757 INFO quotelog [main] Finding position by id
2024-12-05 16:07:19,760 INFO quotelog [main] Finding position by id
2024-12-05 16:07:19,767 INFO quotelog [main] Creating 'AAPL' position.
2024-12-05 16:07:19,767 INFO quotelog [main] Finding position by id
2024-12-05 16:08:47,074 INFO quotelog [main] Finding position by id
2024-12-05 16:11:33,654 INFO quotelog [main] Finding position by id
2024-12-05 16:12:35,219 INFO quotelog [main] Finding all quotes.
2024-12-05 16:12:35,234 INFO quotelog [main] [Quote{ticker='MSFT', open=700.5, high=710.5, low=695.0, price=705.0, volume=1000000, latestTradingDay=2024-12-01, previousClose=695.0, change=10.0, changePercent='1.44%', timeStamp=2024-12-03 10:57:52.587206}, Quote{ticker='TSLA', open=700.5, high=710.5, low=695.0, price=705.0, volume=1000000, latestTradingDay=2024-12-01, previousClose=695.0, change=10.0, changePercent='1.44%', timeStamp=2024-12-03 10:59:23.822863}, Quote{ticker='AAPL', open=237.27, high=240.79, low=237.16, price=239.59, volume=48137103, latestTradingDay=2024-12-01, previousClose=237.33, change=2.26, changePercent='0.9523%', timeStamp=2024-12-03 14:20:53.798159}]
2024-12-05 16:13:32,020 INFO quotelog [main] Finding position by id
2024-12-05 16:14:25,370 INFO quotelog [main] Finding position by id
2024-12-05 16:14:25,388 INFO quotelog [main] Creating 'ABC' position.
2024-12-05 16:14:25,389 INFO quotelog [main] Finding position by id
2024-12-05 16:19:09,980 INFO quotelog [main] Finding quote by id.
2024-12-05 16:19:10,001 INFO quotelog [main] Creating 'JRVS' quote.
2024-12-05 16:20:45,005 INFO quotelog [main] Finding position by id
2024-12-05 16:20:45,025 INFO quotelog [main] Creating 'TSLA' position.
2024-12-05 16:22:31,370 INFO quotelog [main] Finding quote by id.
2024-12-05 16:22:31,385 INFO quotelog [main] Finding position by id
2024-12-05 16:22:31,387 INFO quotelog [main] Finding position by id
2024-12-05 16:22:31,394 INFO quotelog [main] Updating 'TSLA' position.
2024-12-05 16:22:31,398 INFO quotelog [main] Finding position by id
2024-12-05 16:22:50,158 INFO quotelog [main] Finding quote by id.
2024-12-05 16:22:50,172 INFO quotelog [main] Finding position by id
2024-12-05 16:25:17,607 INFO quotelog [main] Finding quote by id.
2024-12-05 16:25:17,620 INFO quotelog [main] Finding position by id
2024-12-05 16:25:27,678 INFO quotelog [main] Finding quote by id.
2024-12-05 16:25:27,694 INFO quotelog [main] Finding position by id
2024-12-05 16:25:27,696 INFO quotelog [main] Finding position by id
2024-12-05 16:25:27,702 INFO quotelog [main] Updating 'TSLA' position.
2024-12-05 16:25:27,706 INFO quotelog [main] Finding position by id
2024-12-05 16:26:02,051 INFO quotelog [main] Finding quote by id.
2024-12-05 16:26:02,066 INFO quotelog [main] Finding position by id
2024-12-05 16:26:02,068 INFO quotelog [main] Finding position by id
2024-12-05 16:26:02,075 INFO quotelog [main] Creating 'AAPL' position.
2024-12-05 16:26:02,079 INFO quotelog [main] Finding position by id
2024-12-05 16:26:32,501 INFO quotelog [main] Finding quote by id.
2024-12-05 16:26:32,515 INFO quotelog [main] Finding position by id
2024-12-05 16:26:32,518 INFO quotelog [main] Finding position by id
2024-12-05 16:26:32,525 INFO quotelog [main] Updating 'AAPL' position.
2024-12-05 16:26:32,528 INFO quotelog [main] Finding position by id
2024-12-05 16:27:44,447 INFO quotelog [main] Finding quote by id.
2024-12-05 16:27:44,463 INFO quotelog [main] Finding position by id
2024-12-05 16:27:44,464 INFO quotelog [main] Finding position by id
2024-12-05 16:27:44,471 INFO quotelog [main] Updating 'AAPL' position.
2024-12-05 16:27:44,475 INFO quotelog [main] Finding position by id
2024-12-05 16:28:03,659 INFO quotelog [main] Finding quote by id.
2024-12-05 16:28:03,677 INFO quotelog [main] Finding position by id
2024-12-05 16:28:03,679 INFO quotelog [main] Finding position by id
2024-12-05 16:28:03,688 INFO quotelog [main] Updating 'AAPL' position.
2024-12-05 16:28:03,693 INFO quotelog [main] Finding position by id
2024-12-05 16:30:39,344 INFO quotelog [main] Response JSON: {
    "Global Quote": {
        "01. symbol": "AAPL",
        "02. open": "244.1100",
        "03. high": "244.5400",
        "04. low": "242.1300",
        "05. price": "243.0400",
        "06. volume": "36941941",
        "07. latest trading day": "2024-12-05",
        "08. previous close": "243.0100",
        "09. change": "0.0300",
        "10. change percent": "0.0123%"
    }
}
2024-12-05 16:30:39,456 INFO quotelog [main] Deserialized Quote: Quote{ticker='AAPL', open=244.11, high=244.54, low=242.13, price=243.04, volume=36941941, latestTradingDay=2024-12-04, previousClose=243.01, change=0.03, changePercent='0.0123%', timeStamp=2024-12-05 16:30:39.4551123}
2024-12-05 16:30:39,457 INFO quotelog [main] Finding quote by id.
2024-12-05 16:30:39,469 INFO quotelog [main] Updating 'AAPL' quote.
2024-12-05 16:34:32,942 INFO quotelog [main] Response JSON: {
    "Global Quote": {
        "01. symbol": "AAPL",
        "02. open": "244.1100",
        "03. high": "244.5400",
        "04. low": "242.1300",
        "05. price": "243.0400",
        "06. volume": "36943692",
        "07. latest trading day": "2024-12-05",
        "08. previous close": "243.0100",
        "09. change": "0.0300",
        "10. change percent": "0.0123%"
    }
}
2024-12-05 16:34:32,944 INFO quotelog [main] Deserialized Quote: Quote{ticker='AAPL', open=244.11, high=244.54, low=242.13, price=243.04, volume=36943692, latestTradingDay=2024-12-04, previousClose=243.01, change=0.03, changePercent='0.0123%', timeStamp=2024-12-05 16:34:32.9447581}
2024-12-05 16:34:32,944 INFO quotelog [main] Finding quote by id.
2024-12-05 16:34:32,946 INFO quotelog [main] Updating 'AAPL' quote.
2024-12-05 16:34:50,433 INFO quotelog [main] Response JSON: {
    "Global Quote": {
        "01. symbol": "AAPL",
        "02. open": "244.1100",
        "03. high": "244.5400",
        "04. low": "242.1300",
        "05. price": "243.0400",
        "06. volume": "36943887",
        "07. latest trading day": "2024-12-05",
        "08. previous close": "243.0100",
        "09. change": "0.0300",
        "10. change percent": "0.0123%"
    }
}
2024-12-05 16:34:50,435 INFO quotelog [main] Deserialized Quote: Quote{ticker='AAPL', open=244.11, high=244.54, low=242.13, price=243.04, volume=36943887, latestTradingDay=2024-12-04, previousClose=243.01, change=0.03, changePercent='0.0123%', timeStamp=2024-12-05 16:34:50.4354075}
2024-12-05 16:34:50,435 INFO quotelog [main] Finding quote by id.
2024-12-05 16:34:50,437 INFO quotelog [main] Updating 'AAPL' quote.
2024-12-05 16:35:12,318 INFO quotelog [main] Response JSON: {
    "Global Quote": {
        "01. symbol": "AAPL",
        "02. open": "244.1100",
        "03. high": "244.5400",
        "04. low": "242.1300",
        "05. price": "243.0400",
        "06. volume": "36944218",
        "07. latest trading day": "2024-12-05",
        "08. previous close": "243.0100",
        "09. change": "0.0300",
        "10. change percent": "0.0123%"
    }
}
2024-12-05 16:35:12,430 INFO quotelog [main] Deserialized Quote: Quote{ticker='AAPL', open=244.11, high=244.54, low=242.13, price=243.04, volume=36944218, latestTradingDay=2024-12-04, previousClose=243.01, change=0.03, changePercent='0.0123%', timeStamp=2024-12-05 16:35:12.4294419}
2024-12-05 16:35:12,431 INFO quotelog [main] Finding quote by id.
2024-12-05 16:35:12,442 INFO quotelog [main] Updating 'AAPL' quote.
2024-12-05 16:35:55,523 INFO quotelog [main] Response JSON: {
    "Global Quote": {
        "01. symbol": "AAPL",
        "02. open": "244.1100",
        "03. high": "244.5400",
        "04. low": "242.1300",
        "05. price": "243.0400",
        "06. volume": "36945203",
        "07. latest trading day": "2024-12-05",
        "08. previous close": "243.0100",
        "09. change": "0.0300",
        "10. change percent": "0.0123%"
    }
}
2024-12-05 16:35:55,639 INFO quotelog [main] Deserialized Quote: Quote{ticker='AAPL', open=244.11, high=244.54, low=242.13, price=243.04, volume=36945203, latestTradingDay=2024-12-04, previousClose=243.01, change=0.03, changePercent='0.0123%', timeStamp=2024-12-05 16:35:55.6386436}
2024-12-05 16:35:55,639 INFO quotelog [main] Finding quote by id.
2024-12-05 16:35:55,652 INFO quotelog [main] Updating 'AAPL' quote.
2024-12-05 16:36:34,599 INFO quotelog [main] Response JSON: {
    "Global Quote": {
        "01. symbol": "AAPL",
        "02. open": "244.1100",
        "03. high": "244.5400",
        "04. low": "242.1300",
        "05. price": "243.0400",
        "06. volume": "36945331",
        "07. latest trading day": "2024-12-05",
        "08. previous close": "243.0100",
        "09. change": "0.0300",
        "10. change percent": "0.0123%"
    }
}
2024-12-05 16:36:34,708 INFO quotelog [main] Deserialized Quote: Quote{ticker='AAPL', open=244.11, high=244.54, low=242.13, price=243.04, volume=36945331, latestTradingDay=2024-12-04, previousClose=243.01, change=0.03, changePercent='0.0123%', timeStamp=2024-12-05 16:36:34.7074004}
2024-12-05 16:36:34,708 INFO quotelog [main] Finding quote by id.
2024-12-05 16:36:34,720 INFO quotelog [main] Updating 'AAPL' quote.
2024-12-05 16:37:56,352 INFO quotelog [main] Response JSON: {
    "Global Quote": {
        "01. symbol": "AAPL",
        "02. open": "244.1100",
        "03. high": "244.5400",
        "04. low": "242.1300",
        "05. price": "243.0400",
        "06. volume": "36947200",
        "07. latest trading day": "2024-12-05",
        "08. previous close": "243.0100",
        "09. change": "0.0300",
        "10. change percent": "0.0123%"
    }
}
2024-12-05 16:37:56,461 INFO quotelog [main] Deserialized Quote: Quote{ticker='AAPL', open=244.11, high=244.54, low=242.13, price=243.04, volume=36947200, latestTradingDay=2024-12-04, previousClose=243.01, change=0.03, changePercent='0.0123%', timeStamp=2024-12-05 16:37:56.460411}
2024-12-05 16:37:56,461 INFO quotelog [main] Finding quote by id.
2024-12-05 16:37:56,474 INFO quotelog [main] Updating 'AAPL' quote.
2024-12-05 16:40:15,765 INFO quotelog [main] Response JSON: {
    "Global Quote": {
        "01. symbol": "AAPL",
        "02. open": "244.1100",
        "03. high": "244.5400",
        "04. low": "242.1300",
        "05. price": "243.0400",
        "06. volume": "36949049",
        "07. latest trading day": "2024-12-05",
        "08. previous close": "243.0100",
        "09. change": "0.0300",
        "10. change percent": "0.0123%"
    }
}
2024-12-05 16:40:15,873 INFO quotelog [main] Deserialized Quote: Quote{ticker='AAPL', open=244.11, high=244.54, low=242.13, price=243.04, volume=36949049, latestTradingDay=2024-12-04, previousClose=243.01, change=0.03, changePercent='0.0123%', timeStamp=2024-12-05 16:40:15.8717371}
2024-12-05 16:40:15,873 INFO quotelog [main] Finding quote by id.
2024-12-05 16:40:15,886 INFO quotelog [main] Updating 'AAPL' quote.
2024-12-05 16:47:00,064 INFO quotelog [main] Response JSON: {
    "Global Quote": {
        "01. symbol": "AAPL",
        "02. open": "242.8700",
        "03. high": "244.1100",
        "04. low": "241.2500",
        "05. price": "243.0100",
        "06. volume": "44383935",
        "07. latest trading day": "2024-12-04",
        "08. previous close": "242.6500",
        "09. change": "0.3600",
        "10. change percent": "0.1484%"
    }
}
2024-12-05 16:47:00,177 INFO quotelog [main] Deserialized Quote: Quote Details:
-----------------------------
Ticker: AAPL
Open: 242.87
High: 244.11
Low: 241.25
Price: 243.01
Volume: 44383935
Latest Trading Day: 2024-12-03
Previous Close: 242.65
Change: 0.36
Change Percent: 0.1484%
Timestamp: 2024-12-05 16:47:00.1765872
-----------------------------

2024-12-05 16:47:00,178 INFO quotelog [main] Finding quote by id.
2024-12-05 16:47:00,190 INFO quotelog [main] Updating 'AAPL' quote.
2024-12-05 17:04:38,084 INFO quotelog [main] Response JSON: {
    "Global Quote": {}
}
2024-12-05 17:04:38,086 INFO quotelog [main] Deserialized Quote: Quote Details:
-----------------------------
Ticker: null
Open: 0.00
High: 0.00
Low: 0.00
Price: 0.00
Volume: 0
Latest Trading Day: null
Previous Close: 0.00
Change: 0.00
Change Percent: null
Timestamp: 2024-12-05 17:04:38.0854228
-----------------------------

2024-12-05 17:07:57,003 INFO quotelog [main] Response JSON: {
    "Global Quote": {
        "01. symbol": "AAPL",
        "02. open": "244.1100",
        "03. high": "244.5400",
        "04. low": "242.1300",
        "05. price": "243.0400",
        "06. volume": "37363369",
        "07. latest trading day": "2024-12-05",
        "08. previous close": "243.0100",
        "09. change": "0.0300",
        "10. change percent": "0.0123%"
    }
}
2024-12-05 17:07:57,115 INFO quotelog [main] Deserialized Quote: Quote Details:
--------------------------------------------------------------
Ticker: AAPL
Open: 244.11
High: 244.54
Low: 242.13
Price: 243.04
Volume: 37363369
Latest Trading Day: 2024-12-04
Previous Close: 243.01
Change: 0.03
Change Percent: 0.0123%
Timestamp: 2024-12-05 17:07:57.1149971
--------------------------------------------------------------

2024-12-05 17:07:57,116 INFO quotelog [main] Finding quote by id.
2024-12-05 17:07:57,129 INFO quotelog [main] Updating 'AAPL' quote.
2024-12-05 17:08:04,003 INFO quotelog [main] Response JSON: {
    "Global Quote": {}
}
2024-12-05 17:08:04,005 INFO quotelog [main] Deserialized Quote: Quote Details:
--------------------------------------------------------------
Ticker: null
Open: 0.00
High: 0.00
Low: 0.00
Price: 0.00
Volume: 0
Latest Trading Day: null
Previous Close: 0.00
Change: 0.00
Change Percent: null
Timestamp: 2024-12-05 17:08:04.0050277
--------------------------------------------------------------

2024-12-05 17:18:48,463 INFO quotelog [main] Finding quote by id.
2024-12-05 17:18:48,477 INFO quotelog [main] Finding position by id
2024-12-05 17:18:48,479 INFO quotelog [main] Finding position by id
2024-12-05 17:18:48,486 INFO quotelog [main] Creating 'JRVS' position.
2024-12-05 17:18:48,490 INFO quotelog [main] Finding position by id
2024-12-05 17:23:06,651 INFO quotelog [main] Finding quote by id.
2024-12-05 17:23:06,668 INFO quotelog [main] Finding position by id
2024-12-05 17:23:06,670 INFO quotelog [main] Finding position by id
2024-12-05 17:23:06,677 INFO quotelog [main] Updating 'JRVS' position.
2024-12-05 17:23:06,681 INFO quotelog [main] Finding position by id
