2024-12-06 14:32:45 INFO  QuoteDao - Finding quote by id...
2024-12-06 14:32:45 INFO  JDBCExecutor - TSLA 369.49
2024-12-06 14:40:47 INFO  QuoteDao - Finding quote by id...
2024-12-06 14:40:47 INFO  QuoteDao - Creating quote...
2024-12-06 14:41:13 INFO  QuoteDao - Finding quote by id...
2024-12-06 14:41:13 INFO  QuoteDao - Creating quote...
2024-12-08 10:31:31 INFO  PositionService - Buying stock...
2024-12-08 10:31:31 INFO  QuoteDao - Finding quote by id...
2024-12-08 10:31:31 INFO  PositionDao - Finding position by id...
2024-12-08 10:31:31 INFO  PositionDao - Finding position by id...
2024-12-08 10:31:31 INFO  PositionDao - Creating position...
2024-12-08 10:31:31 INFO  PositionDao - Finding position by id...
2024-12-08 10:31:58 INFO  PositionService - Buying stock...
2024-12-08 10:31:58 INFO  QuoteDao - Finding quote by id...
2024-12-08 10:31:58 INFO  PositionDao - Finding position by id...
2024-12-08 10:31:58 INFO  PositionDao - Finding position by id...
2024-12-08 10:31:58 INFO  PositionDao - Creating position...
2024-12-08 10:31:58 INFO  PositionDao - Finding position by id...
2024-12-08 10:32:14 INFO  PositionService - Buying stock...
2024-12-08 10:32:14 INFO  QuoteDao - Finding quote by id...
2024-12-08 10:32:14 INFO  PositionDao - Finding position by id...

2024-12-08 11:09:57 INFO  PositionDao - Finding position by id...
2024-12-08 11:09:57 INFO  PositionDao - Updating position...
2024-12-08 11:09:57 INFO  PositionDao - Finding all positions...
2024-12-08 11:09:57 INFO  PositionDao - Finding position by id...
2024-12-08 11:09:57 INFO  PositionDao - Updating position...
2024-12-08 11:09:57 INFO  PositionDao - Finding position by id...
2024-12-08 11:09:57 INFO  PositionDao - Updating position...
2024-12-08 11:09:57 INFO  PositionDao - Finding position by id...
2024-12-08 11:09:57 INFO  PositionDao - Deleting all positions...
2024-12-08 11:09:57 INFO  PositionDao - Finding all positions...
2024-12-08 11:09:57 INFO  PositionDao - Finding position by id...
2024-12-08 11:09:57 INFO  PositionDao - Creating position...
2024-12-08 11:09:57 INFO  PositionDao - Deleting position by id...
2024-12-08 11:09:57 INFO  PositionDao - Finding position by id...
2024-12-08 11:09:57 INFO  QuoteDao - Finding quote by id...
2024-12-08 11:09:57 INFO  QuoteDao - Updating quote...
2024-12-08 11:09:57 INFO  QuoteDao - Finding quote by id...
2024-12-08 11:09:57 INFO  QuoteDao - Creating quote...
2024-12-08 11:09:57 INFO  QuoteDao - Finding quote by id...
2024-12-08 11:09:57 INFO  QuoteDao - Creating quote...
2024-12-08 11:09:57 INFO  QuoteDao - Finding all quotes...
2024-12-08 11:09:57 INFO  QuoteDao - Finding quote by id...
2024-12-08 11:09:57 INFO  QuoteDao - Updating quote...
2024-12-08 11:09:57 INFO  QuoteDao - Finding quote by id...
2024-12-08 11:09:57 INFO  QuoteDao - Updating quote...
2024-12-08 11:09:57 INFO  QuoteDao - Finding quote by id...
2024-12-08 11:09:57 INFO  QuoteDao - Finding quote by id...
2024-12-08 11:09:57 INFO  QuoteDao - Creating quote...
2024-12-08 11:09:57 INFO  QuoteDao - Finding quote by id...
2024-12-08 11:09:57 INFO  QuoteDao - Updating quote...
2024-12-08 11:09:57 INFO  QuoteDao - Deleting all quotes...
2024-12-08 11:09:57 INFO  QuoteDao - Finding all quotes...
2024-12-08 11:09:57 INFO  QuoteDao - Finding quote by id...
2024-12-08 11:09:57 INFO  QuoteDao - Creating quote...
2024-12-08 11:09:57 INFO  QuoteDao - Finding quote by id...
2024-12-08 11:09:57 INFO  QuoteDao - Creating quote...
2024-12-08 11:09:57 INFO  QuoteDao - Deleting quote by id...
2024-12-08 11:09:57 INFO  QuoteDao - Finding quote by id...
2024-12-08 11:10:54 INFO  PositionDao - Finding position by id...
2024-12-08 11:10:54 INFO  PositionDao - Creating position...
2024-12-08 11:10:54 INFO  PositionDao - Finding all positions...
2024-12-08 11:10:54 INFO  PositionDao - Finding position by id...
2024-12-08 11:10:54 INFO  PositionDao - Creating position...
2024-12-08 11:10:54 INFO  PositionDao - Finding position by id...
2024-12-08 11:10:55 INFO  PositionDao - Deleting all positions...
2024-12-08 11:10:55 INFO  PositionDao - Finding all positions...
2024-12-08 11:10:55 INFO  PositionDao - Finding position by id...
2024-12-08 11:10:55 INFO  PositionDao - Creating position...
2024-12-08 11:10:55 INFO  PositionDao - Deleting position by id...
2024-12-08 11:10:55 INFO  PositionDao - Finding position by id...
2024-12-08 11:10:55 INFO  QuoteDao - Finding quote by id...
2024-12-08 11:10:55 INFO  QuoteDao - Creating quote...
2024-12-08 11:10:55 INFO  QuoteDao - Finding quote by id...
2024-12-08 11:10:55 INFO  QuoteDao - Creating quote...
2024-12-08 11:10:55 INFO  QuoteDao - Finding quote by id...
2024-12-08 11:10:55 INFO  QuoteDao - Creating quote...
2024-12-08 11:10:55 INFO  QuoteDao - Finding all quotes...
2024-12-08 11:10:55 INFO  QuoteDao - Finding quote by id...
2024-12-08 11:10:55 INFO  QuoteDao - Creating quote...
2024-12-08 11:10:55 INFO  QuoteDao - Finding quote by id...
2024-12-08 11:10:55 INFO  QuoteDao - Updating quote...
2024-12-08 11:10:55 INFO  QuoteDao - Finding quote by id...
2024-12-08 11:10:55 INFO  QuoteDao - Finding quote by id...
2024-12-08 11:10:55 INFO  QuoteDao - Creating quote...
2024-12-08 11:10:55 INFO  QuoteDao - Finding quote by id...
2024-12-08 11:10:55 INFO  QuoteDao - Updating quote...
2024-12-08 11:10:55 INFO  QuoteDao - Deleting all quotes...
2024-12-08 11:10:55 INFO  QuoteDao - Finding all quotes...
2024-12-08 11:10:55 INFO  QuoteDao - Finding quote by id...
2024-12-08 11:10:55 INFO  QuoteDao - Creating quote...
2024-12-08 11:10:55 INFO  QuoteDao - Finding quote by id...
2024-12-08 11:10:55 INFO  QuoteDao - Creating quote...
2024-12-08 11:10:55 INFO  QuoteDao - Deleting quote by id...
2024-12-08 11:10:55 INFO  QuoteDao - Finding quote by id...
2024-12-09 00:09:56 INFO  PositionDao - Finding position by id...
2024-12-09 00:09:56 INFO  PositionDao - Creating position...
2024-12-09 00:10:53 INFO  PositionDao - Finding position by id...
2024-12-09 00:10:53 INFO  PositionDao - Creating position...
2024-12-09 00:12:04 INFO  QuoteDao - Finding quote by id...
2024-12-09 00:12:04 INFO  QuoteDao - Creating quote...
2024-12-09 00:12:21 INFO  QuoteDao - Finding quote by id...
2024-12-09 00:12:21 INFO  QuoteDao - Creating quote...
2024-12-09 00:12:43 INFO  PositionDao - Finding position by id...
2024-12-09 00:12:43 INFO  PositionDao - Creating position...
2024-12-09 00:12:51 INFO  PositionDao - Finding position by id...
2024-12-09 00:12:51 INFO  PositionDao - Updating position...
2024-12-09 00:17:13 INFO  QuoteHttpHelper - Response JSON: {
    "Global Quote": {
        "01. symbol": "AAPL",
        "02. open": "242.9050",
        "03. high": "244.6300",
        "04. low": "242.0800",
        "05. price": "242.8400",
        "06. volume": "36870619",
        "07. latest trading day": "2024-12-06",
        "08. previous close": "243.0400",
        "09. change": "-0.2000",
        "10. change percent": "-0.0823%"
    }
}
2024-12-09 00:17:13 INFO  QuoteHttpHelper - Deserialized Quote: Quote Details
--------------------------------------------------
Symbol: AAPL
Open: 242.91
High: 244.63
Low: 242.08
Price: 242.84
Volume: 36870619
Latest Trading Day: 2024-12-05
Previous Close: 243.04
Change: -0.20
Change Percent: -0.0823%
Timestamp: 2024-12-09 00:17:13.7931919
--------------------------------------------------

2024-12-09 00:18:58 INFO  QuoteHttpHelper - Response JSON: {
    "Global Quote": {
        "01. symbol": "AAPL",
        "02. open": "242.9050",
        "03. high": "244.6300",
        "04. low": "242.0800",
        "05. price": "242.8400",
        "06. volume": "36870619",
        "07. latest trading day": "2024-12-06",
        "08. previous close": "243.0400",
        "09. change": "-0.2000",
        "10. change percent": "-0.0823%"
    }
}
2024-12-09 00:18:58 INFO  QuoteHttpHelper - Deserialized Quote: Quote Details
--------------------------------------------------
Symbol: AAPL
Open: 242.91
High: 244.63
Low: 242.08
Price: 242.84
Volume: 36870619
Latest Trading Day: 2024-12-05
Previous Close: 243.04
Change: -0.20
Change Percent: -0.0823%
Timestamp: 2024-12-09 00:18:58.3305631
--------------------------------------------------

2024-12-09 00:20:41 INFO  QuoteHttpHelper - Response JSON: {
    "Global Quote": {
        "01. symbol": "AAPL",
        "02. open": "242.9050",
        "03. high": "244.6300",
        "04. low": "242.0800",
        "05. price": "242.8400",
        "06. volume": "36870619",
        "07. latest trading day": "2024-12-06",
        "08. previous close": "243.0400",
        "09. change": "-0.2000",
        "10. change percent": "-0.0823%"
    }
}
2024-12-09 00:20:41 INFO  QuoteHttpHelper - Deserialized Quote: Quote Details
--------------------------------------------------
Symbol: AAPL
Open: 242.91
High: 244.63
Low: 242.08
Price: 242.84
Volume: 36870619
Latest Trading Day: 2024-12-05
Previous Close: 243.04
Change: -0.20
Change Percent: -0.0823%
Timestamp: 2024-12-09 00:20:41.5121042
--------------------------------------------------

2024-12-09 00:22:55 INFO  QuoteHttpHelper - Response JSON: {
    "Global Quote": {
        "01. symbol": "AAPL",
        "02. open": "242.9050",
        "03. high": "244.6300",
        "04. low": "242.0800",
        "05. price": "242.8400",
        "06. volume": "36870619",
        "07. latest trading day": "2024-12-06",
        "08. previous close": "243.0400",
        "09. change": "-0.2000",
        "10. change percent": "-0.0823%"
    }
}
2024-12-09 00:22:55 INFO  QuoteHttpHelper - Deserialized Quote: Quote Details
--------------------------------------------------
Symbol: AAPL
Open: 242.91
High: 244.63
Low: 242.08
Price: 242.84
Volume: 36870619
Latest Trading Day: 2024-12-05
Previous Close: 243.04
Change: -0.20
Change Percent: -0.0823%
Timestamp: 2024-12-09 00:22:55.9309639
--------------------------------------------------

2024-12-09 00:28:45 INFO  QuoteService - Fetching quote data from API...
2024-12-09 00:31:11 INFO  QuoteService - Fetching quote data from API...
2024-12-09 00:34:00 INFO  QuoteService - Fetching quote data from API...
2024-12-09 00:34:52 INFO  QuoteService - Fetching quote data from API...
2024-12-09 00:39:19 INFO  QuoteService - Fetching quote data from API...
2024-12-09 00:46:15 INFO  QuoteService - Fetching quote data from API...
2024-12-09 00:47:25 INFO  QuoteService - Fetching quote data from API...
2024-12-09 00:47:26 INFO  QuoteHttpHelper - Response JSON: {
    "Global Quote": {
        "01. symbol": "AAPL",
        "02. open": "242.9050",
        "03. high": "244.6300",
        "04. low": "242.0800",
        "05. price": "242.8400",
        "06. volume": "36870619",
        "07. latest trading day": "2024-12-06",
        "08. previous close": "243.0400",
        "09. change": "-0.2000",
        "10. change percent": "-0.0823%"
    }
}
2024-12-09 00:47:26 INFO  QuoteHttpHelper - Deserialized Quote: Quote Details
--------------------------------------------------
Symbol: AAPL
Open: 242.91
High: 244.63
Low: 242.08
Price: 242.84
Volume: 36870619
Latest Trading Day: 2024-12-05
Previous Close: 243.04
Change: -0.20
Change Percent: -0.0823%
Timestamp: 2024-12-09 00:47:26.1412535
--------------------------------------------------

2024-12-09 00:47:26 INFO  QuoteDao - Finding quote by id...
2024-12-09 00:47:26 INFO  QuoteDao - Updating quote...
2024-12-09 00:47:46 INFO  QuoteService - Fetching quote data from API...
2024-12-09 00:51:34 INFO  QuoteService - Fetching quote data from API...
